    1 maize        12.3       0.00        0.0        1.1       0.00       0.03
    2 maize        14.0       0.00        0.0        1.1       0.00       0.03
    3 maize        13.6       0.00        0.0        1.2       0.00       0.04
    4 maize         9.2       0.00        0.0        1.3       0.00       0.04
    5 maize         9.5       0.00        0.0        1.3       0.00       0.04
    6 maize         9.9       0.00        0.0        1.4       0.00       0.04
    7 maize        11.8       0.00        0.0        1.5       0.00       0.04
    8 maize        11.1       0.00        0.0        1.6       0.00       0.05
    9 maize         8.5       0.00        0.0        1.6       0.00       0.05
   10 maize         9.1       0.00        0.0        1.7       0.00       0.05
   11 maize        11.7       0.00        0.0        1.8       0.00       0.05
   12 maize        11.8       0.00        0.0        1.9       0.00       0.06
   13 maize        11.7       0.00        0.0        2.0       0.00       0.06
   14 maize        12.5       0.00        0.0        2.2       0.00       0.06
   15 maize        13.3       0.00        0.0        2.3       0.00       0.07
   16 maize        14.7       0.00        0.0        2.5       0.00       0.07
   17 maize        14.0       0.00        0.0        2.7       0.00       0.08
   18 maize        16.2       0.00        0.0        2.9       0.00       0.09
   19 maize        18.6       0.00        0.0        3.1       0.00       0.09
   20 maize        18.0       0.00        0.0        3.4       0.00       0.10
   21 maize        14.6       0.00        0.0        3.7       0.00       0.11
   22 maize        13.7       0.00        0.0        3.9       0.00       0.12
   23 maize        15.1       0.00        0.0        4.2       0.00       0.13
   24 maize        19.7       0.00        0.0        4.6       0.00       0.14
   25 maize        19.1       0.00        0.0        5.1       0.00       0.15
   26 maize        20.9       0.00        0.0        5.6       0.00       0.17
   27 maize        21.5       0.00        0.0        6.2       0.00       0.19
   28 maize        19.8       0.00        0.0        6.8       0.00       0.21
   29 maize        15.3       0.00        0.0        7.3       0.00       0.22
   30 maize        14.8       0.00        0.0        7.8       0.00       0.24
   31 maize        17.3       0.00        0.0        8.4       0.00       0.26
   32 maize        16.0       0.00        0.0        9.1       0.00       0.28
   33 maize        13.2       0.00        0.0        9.6       0.00       0.30
   34 maize        13.6       0.00        0.0       10.2       0.00       0.32
   35 maize        15.5       0.00        0.0       11.0       0.00       0.34
   36 maize        14.7       0.00        0.0       11.7       0.00       0.37
   37 maize        12.3       0.00        0.0       12.4       0.00       0.39
   38 maize         9.6       0.00        0.0       12.9       0.00       0.41
   39 maize        10.8       0.00        0.0       13.5       0.00       0.43
   40 maize        13.7       0.00        0.0       14.3       0.00       0.45
   41 maize        12.9       0.00        0.0       15.1       0.00       0.48
   42 maize        14.3       0.00        0.0       16.0       0.00       0.51
   43 maize        18.2       0.00        0.0       17.3       0.00       0.56
   44 maize        20.0       0.00        0.0       18.8       0.00       0.61
   45 maize        17.1       0.00        0.0       20.1       0.00       0.66
   46 maize        15.5       0.00        0.0       21.3       0.00       0.71
   47 maize        15.0       0.00        0.0       22.6       0.00       0.75
   48 maize        15.0       0.00        0.0       23.9       0.00       0.80
   49 maize        15.7       0.00        0.0       25.3       0.00       0.86
   50 maize        18.5       0.00        0.0       27.1       0.00       0.93
   51 maize        18.4       0.00        0.0       28.9       0.00       1.00
   52 maize        16.5       0.00        0.0       30.6       0.00       1.07
   53 maize        15.3       0.00        0.0       32.2       0.00       1.14
   54 maize        15.9       0.00        0.0       33.9       0.00       1.22
   55 maize        19.6       0.00        0.0       36.1       0.00       1.32
   56 maize        19.6       0.00        0.0       38.3       0.00       1.42
   57 maize        23.0       0.00        0.0       41.0       0.00       1.55
   58 maize        26.5       0.00        0.0       44.1       0.00       1.71
   59 maize        16.4       0.00        0.0       46.0       0.00       1.81
   60 maize        15.9       0.00        0.0       47.9       0.00       1.92
   61 maize        15.1       0.00        0.0       49.7       0.00       2.02
   62 maize        19.8       0.00        0.0       52.0       0.00       2.16
   63 maize        22.0       0.00        0.0       54.6       0.00       2.32
   64 maize        19.0       0.00        0.0       56.8       0.00       2.47
   65 maize        17.2       0.00        0.0       58.7       0.00       2.60
   66 maize        16.7       0.00        0.0       60.6       0.00       2.74
   67 maize        16.0       0.00        0.0       62.3       0.00       2.87
   68 maize        18.1       0.00        0.0       64.2       0.00       3.02
   69 maize        20.8       0.00        0.0       66.4       0.00       3.20
   70 maize        14.6       0.00        0.0       67.8       0.00       3.33
   71 maize        15.6       0.00        0.0       69.3       0.00       3.47
   72 maize        18.2       0.00        0.0       71.0       0.00       3.64
   73 maize        17.6       0.00        0.0       72.5       0.00       3.80
   74 maize        17.8       0.00        0.0       74.0       0.00       3.96
   75 maize        16.7       0.00        0.0       75.3       0.00       4.12
   76 maize        16.9       0.00        0.0       76.6       0.00       4.27
   77 maize        16.8       0.00        0.0       77.8       0.00       4.43
   78 maize        17.5       0.00        0.0       79.0       0.00       4.59
   79 maize        18.4       0.00        0.0       80.2       0.00       4.76
   80 maize        17.0       0.00        0.0       81.2       0.00       4.92
   81 maize        19.7       0.00        0.0       82.4       0.00       5.10
   82 maize        21.9       0.00        0.0       83.5       0.00       5.30
   83 maize        24.7       0.00        0.0       84.7       0.00       5.52
   84 maize        20.3       0.00        0.0       85.6       0.00       5.70
   85 maize        17.4       0.00        0.0       86.3       0.00       5.85
   86 maize        18.4       0.00        0.0       87.0       0.00       6.00
   87 maize        20.0       0.00        0.0       87.7       0.00       6.17
   88 maize        24.9       0.00        0.0       88.5       0.00       6.36
   89 maize        29.1       0.00        0.0       89.3       0.00       6.58
   90 maize        20.6       0.00        0.0       89.9       0.00       6.73
   91 maize        17.7       0.00        0.0       90.3       0.00       6.85
   92 maize        17.4       0.00        0.0       90.6       0.00       6.97
   93 maize        20.3       0.00        0.0       91.1       0.00       7.10
   94 maize        23.6       0.00        0.0       91.5       0.00       7.24
   95 maize        21.0       0.00        0.0       91.8       0.00       7.36
   96 maize        17.7       0.00        0.0       92.1       0.00       7.46
   97 maize        16.6       0.00        0.0       92.3       0.00       7.54
   98 maize        18.6       0.00        0.0       92.5       0.00       7.63
   99 maize        20.0       0.00        0.0       92.8       0.00       7.72
  100 maize        20.2       0.00        0.0       93.0       0.00       7.81
  101 maize        20.5       0.00        0.0       93.2       0.00       7.89
  102 maize        20.9       0.00        0.0       93.3       0.00       7.97
  103 maize        22.5       0.00        0.0       93.5       0.00       8.05
  104 maize        24.8       0.00        0.0       93.7       0.00       8.13
  105 maize        22.2       0.00        0.0       93.8       0.00       8.19
  106 maize        18.8       0.00        0.0       93.9       0.00       8.24
  107 maize        15.9       0.00        0.0       94.0       0.00       8.28
  108 maize        17.9       0.00        0.0       94.1       0.00       8.32
  109 maize        19.0       0.00        0.0       94.2       0.00       8.36
  110 maize        21.2       0.00        0.0       94.3       0.00       8.40
  111 maize        23.7       0.00        0.0       94.3       0.00       8.45
  112 maize        24.5       0.00        0.0       94.4       0.00       8.49
  113 maize        25.0       0.00        0.0       94.5       0.00       8.52
  114 maize        24.4       0.00        0.0       94.5       0.00       8.55
  115 maize        24.6       0.00        0.0       94.6       0.00       8.58
  116 maize        23.1       0.00        0.0       94.6       0.00       8.61
  117 maize        22.8       0.00        0.0       94.7       0.00       8.63
  118 maize        20.4       0.00        0.0       94.7       0.00       8.64
  119 maize        20.6       0.00        0.0       94.7       0.00       8.66
  120 maize        19.0       0.00        0.0       94.8       0.00       8.67
  121 maize        18.7       0.00        0.0       94.8       0.00       8.69
  122 maize        18.2       0.00        0.0       94.8       0.00       8.70
  123 maize        21.2       0.00        0.0       94.8       0.00       8.71
  124 maize        22.2       0.00        0.0       94.8       0.00       8.72
