    1  0.0000  0.0000 mm           0.0000 t/ha          0.1777
    2  0.1000  0.0000 mm           0.0000 t/ha          0.1583
    3  0.0000  0.0000 mm           0.0000 t/ha          0.1372
    4  0.4000  0.0000 mm           0.0000 t/ha          0.1303
    5  0.4000  0.0000 mm           0.0000 t/ha          0.1255
    6  0.0000  0.0000 mm           0.0000 t/ha          0.1195
    7  0.0000  0.0000 mm           0.0000 t/ha          0.1142
    8  0.0000  0.0000 mm           0.0000 t/ha          0.1095
    9  0.0000  0.0000 mm           0.0000 t/ha          0.1068
   10  0.0000  0.0000 mm           0.0000 t/ha          0.1054
   11  0.0000  0.0000 mm           0.0000 t/ha          0.1048
   12  0.0000  0.0000 mm           0.0000 t/ha          0.1048
   13  0.0000  0.0000 mm           0.0000 t/ha          0.1048
   14  4.3933  0.0000 mm           0.0000 t/ha          0.1233
   15  0.3000  0.0000 mm           0.0000 t/ha          0.1212
   16  0.0000  0.0000 mm           0.0000 t/ha          0.1179
   17  0.0000  0.0000 mm           0.0000 t/ha          0.1144
   18  0.0000  0.0000 mm           0.0000 t/ha          0.1109
   19  0.0000  0.0000 mm           0.0000 t/ha          0.1076
   20  1.1117  0.0000 mm           0.0000 t/ha          0.1094
   21  0.0000  0.0000 mm           0.0000 t/ha          0.1062
   22  0.0000  0.0000 mm           0.0000 t/ha          0.1048
   23  0.0000  0.0000 mm           0.0000 t/ha          0.1048
   24  0.0000  0.0000 mm           0.0000 t/ha          0.1048
   25  0.0000  0.0000 mm           0.0000 t/ha          0.1048
   26  0.0000  0.0000 mm           0.0000 t/ha          0.1048
   27  0.0000  0.0000 mm           0.0000 t/ha          0.1048
   28 12.4033  0.2640 mm           0.2913 t/ha          0.1413
   29 13.9033  2.3331 mm           3.8085 t/ha          0.1888
   30  0.0000  0.0000 mm           0.0000 t/ha          0.1657
   31  0.0000  0.0000 mm           0.0000 t/ha          0.1539
   32 10.1000  1.0937 mm           1.6093 t/ha          0.1886
   33  8.4100  0.0000 mm           0.0000 t/ha          0.2049
   34  0.0000  0.0000 mm           0.0000 t/ha          0.1833
   35  0.0000  0.0000 mm           0.0000 t/ha          0.1719
   36  1.7867  0.0000 mm           0.0000 t/ha          0.1707
   37  0.0000  0.0000 mm           0.0000 t/ha          0.1615
   38  2.3133  0.0000 mm           0.0000 t/ha          0.1654
   39  0.6033  0.0000 mm           0.0000 t/ha          0.1604
   40  0.0000  0.0000 mm           0.0000 t/ha          0.1522
   41  0.0000  0.0000 mm           0.0000 t/ha          0.1437
   42  0.0000  0.0000 mm           0.0000 t/ha          0.1336
   43  0.0000  0.0000 mm           0.0000 t/ha          0.1254
   44  1.8267  0.0000 mm           0.0000 t/ha          0.1234
   45 17.4916  0.0000 mm           0.0000 t/ha          0.1986
   46  0.2700  0.0000 mm           0.0000 t/ha          0.1754
   47  4.0750  0.0000 mm           0.0000 t/ha          0.1792
   48 19.0167  0.0000 mm           0.0000 t/ha          0.2532
   49  0.0000  0.0000 mm           0.0000 t/ha          0.2341
   50  0.0000  0.0000 mm           0.0000 t/ha          0.2204
   51  0.0000  0.0000 mm           0.0000 t/ha          0.2033
   52  0.0000  0.0000 mm           0.0000 t/ha          0.1840
   53  0.0000  0.0000 mm           0.0000 t/ha          0.1662
   54  0.0000  0.0000 mm           0.0000 t/ha          0.1460
   55  0.0000  0.0000 mm           0.0000 t/ha          0.1237
   56  0.0000  0.0000 mm           0.0000 t/ha          0.1048
   57  0.0000  0.0000 mm           0.0000 t/ha          0.1048
   58  0.0000  0.0000 mm           0.0000 t/ha          0.1048
   59  1.9683  0.0000 mm           0.0000 t/ha          0.1048
   60  0.3400  0.0000 mm           0.0000 t/ha          0.1048
   61  0.0000  0.0000 mm           0.0000 t/ha          0.1048
   62  0.0000  0.0000 mm           0.0000 t/ha          0.1048
   63  0.8833  0.0000 mm           0.0000 t/ha          0.1048
   64 13.2667  0.0000 mm           0.0000 t/ha          0.1333
   65  1.5517  0.0000 mm           0.0000 t/ha          0.1193
   66  0.0000  0.0000 mm           0.0000 t/ha          0.1048
   67  6.1867  0.0000 mm           0.0000 t/ha          0.1081
   68  0.0000  0.0000 mm           0.0000 t/ha          0.1048
   69  0.0000  0.0000 mm           0.0000 t/ha          0.1048
   70 17.1000  0.0000 mm           0.0000 t/ha          0.1714
   71  0.3000  0.0000 mm           0.0000 t/ha          0.1413
   72  0.0000  0.0000 mm           0.0000 t/ha          0.1058
   73  0.0000  0.0000 mm           0.0000 t/ha          0.1048
   74  0.0000  0.0000 mm           0.0000 t/ha          0.1048
   75  0.0000  0.0000 mm           0.0000 t/ha          0.1048
   76  0.0000  0.0000 mm           0.0000 t/ha          0.1048
   77  0.3000  0.0000 mm           0.0000 t/ha          0.1048
   78  0.0000  0.0000 mm           0.0000 t/ha          0.1048
   79  0.0000  0.0000 mm           0.0000 t/ha          0.1048
   80  0.0000  0.0000 mm           0.0000 t/ha          0.1048
   81  0.0000  0.0000 mm           0.0000 t/ha          0.1048
   82  0.0000  0.0000 mm           0.0000 t/ha          0.1048
   83  0.0000  0.0000 mm           0.0000 t/ha          0.1048
   84  0.0000  0.0000 mm           0.0000 t/ha          0.1048
   85  0.0000  0.0000 mm           0.0000 t/ha          0.1048
   86  0.0000  0.0000 mm           0.0000 t/ha          0.1048
   87  0.0000  0.0000 mm           0.0000 t/ha          0.1048
   88  0.0000  0.0000 mm           0.0000 t/ha          0.1048
   89  0.0000  0.0000 mm           0.0000 t/ha          0.1048
   90  3.0933  0.0000 mm           0.0000 t/ha          0.1048
   91  3.2883  0.0000 mm           0.0000 t/ha          0.1079
   92  2.2950  0.0000 mm           0.0000 t/ha          0.1048
   93  0.0000  0.0000 mm           0.0000 t/ha          0.1048
   94  0.0000  0.0000 mm           0.0000 t/ha          0.1048
   95  0.0000  0.0000 mm           0.0000 t/ha          0.1048
   96  0.0000  0.0000 mm           0.0000 t/ha          0.1048
   97  0.0000  0.0000 mm           0.0000 t/ha          0.1048
   98  0.0000  0.0000 mm           0.0000 t/ha          0.1048
   99  0.0000  0.0000 mm           0.0000 t/ha          0.1048
  100  0.0000  0.0000 mm           0.0000 t/ha          0.1048
  101  0.0000  0.0000 mm           0.0000 t/ha          0.1048
  102  0.3000  0.0000 mm           0.0000 t/ha          0.1048
  103  0.0000  0.0000 mm           0.0000 t/ha          0.1048
  104  0.0000  0.0000 mm           0.0000 t/ha          0.1048
  105  2.7950  0.0000 mm           0.0000 t/ha          0.1048
  106  4.8867  0.0000 mm           0.0000 t/ha          0.1048
  107  0.0000  0.0000 mm           0.0000 t/ha          0.1048
  108  0.0000  0.0000 mm           0.0000 t/ha          0.1048
  109  0.0000  0.0000 mm           0.0000 t/ha          0.1048
  110  0.0000  0.0000 mm           0.0000 t/ha          0.1048
  111  0.0000  0.0000 mm           0.0000 t/ha          0.1048
  112  0.0000  0.0000 mm           0.0000 t/ha          0.1048
  113  0.0000  0.0000 mm           0.0000 t/ha          0.1048
  114  0.0000  0.0000 mm           0.0000 t/ha          0.1048
  115  0.0000  0.0000 mm           0.0000 t/ha          0.1048
  116  0.0000  0.0000 mm           0.0000 t/ha          0.1048
  117  0.0000  0.0000 mm           0.0000 t/ha          0.1048
  118  2.0450  0.0000 mm           0.0000 t/ha          0.1048
  119  0.3200  0.0000 mm           0.0000 t/ha          0.1048
  120  0.3200  0.0000 mm           0.0000 t/ha          0.1048
  121  0.0000  0.0000 mm           0.0000 t/ha          0.1048
  122  0.0000  0.0000 mm           0.0000 t/ha          0.1048
  123  0.0000  0.0000 mm           0.0000 t/ha          0.1048
  124  0.0000  0.0000 mm           0.0000 t/ha          0.1048
total rainfall = 160.1450 mm 
 total runoff =   3.6908 mm 
 total erosion =   5.7091 t/ha 
