    1     0.00     0.00     9.00     0.00     0.00     4.41     0.05     0.00   0.1777
    2     0.10     1.91     9.00     0.10     0.00     3.94     0.04     0.00   0.1583
    3     0.00     1.91     9.00     0.00     0.00     4.15     0.07     0.00   0.1372
    4     0.40     1.91     9.00     0.40     0.00     1.72     0.05     0.00   0.1303
    5     0.40     1.91     9.00     0.40     0.00     1.32     0.05     0.00   0.1255
    6     0.00     1.91     9.00     0.00     0.00     1.11     0.08     0.00   0.1195
    7     0.00     1.91     9.00     0.00     0.00     0.98     0.09     0.00   0.1142
    8     0.00     1.91     9.00     0.00     0.00     0.89     0.05     0.00   0.1095
    9     0.00     1.91     9.00     0.00     0.00     0.48     0.06     0.00   0.1068
   10     0.00     1.91     9.00     0.00     0.00     0.20     0.08     0.00   0.1054
   11     0.00     1.91     9.00     0.00     0.00     0.06     0.06     0.00   0.1048
   12     0.00     1.91     9.00     0.00     0.00     0.00     0.00     0.00   0.1048
   13     0.00     1.91     9.00     0.00     0.00     0.00     0.00     0.00   0.1048
   14     4.39     1.91     9.00     4.38     0.00     0.61     0.07     0.00   0.1233
   15     0.30     1.91     9.00     0.30     0.00     0.59     0.13     0.00   0.1212
   16     0.00     1.91     9.00     0.00     0.00     0.57     0.10     0.00   0.1179
   17     0.00     1.91     9.00     0.00     0.00     0.55     0.14     0.00   0.1144
   18     0.00     1.91     9.00     0.00     0.00     0.53     0.19     0.00   0.1109
   19     0.00     1.91     9.00     0.00     0.00     0.51     0.14     0.00   0.1076
   20     1.11     1.91     9.00     1.11     0.00     0.50     0.25     0.00   0.1094
   21     0.00     1.91     9.00     0.00     0.00     0.47     0.19     0.00   0.1062
   22     0.00     1.91     9.00     0.00     0.00     0.14     0.13     0.00   0.1048
   23     0.00     1.91     9.00     0.00     0.00     0.00     0.00     0.00   0.1048
   24     0.00     1.91     9.00     0.00     0.00     0.00     0.00     0.00   0.1048
   25     0.00     1.91     9.00     0.00     0.00     0.00     0.00     0.00   0.1048
   26     0.00     1.91     9.00     0.00     0.00     0.00     0.00     0.00   0.1048
   27     0.00     1.91     9.00     0.00     0.00     0.00     0.00     0.00   0.1048
   28    12.40     1.91     9.00    12.23     0.00     4.60     0.34     0.00   0.1413
   29    13.90     1.91     9.00    11.70     0.00     2.02     0.16     0.00   0.1888
   30     0.00     1.91     9.00     0.00     0.00     4.15     0.46     0.00   0.1657
   31     0.00     1.91     9.00     0.00     0.00     1.72     0.65     0.00   0.1539
   32    10.10     1.91     9.00     9.20     0.00     2.04     0.21     0.00   0.1886
   33     8.41     1.91     9.00     8.30     0.00     4.53     0.51     0.00   0.2049
   34     0.00     1.91     9.00     0.00     0.00     3.86     0.47     0.00   0.1833
   35     0.00     1.91     9.00     0.00     0.00     1.72     0.55     0.00   0.1719
   36     1.79     1.91     9.00     1.76     0.00     1.32     0.67     0.00   0.1707
   37     0.00     1.91     9.00     0.00     0.00     1.11     0.74     0.00   0.1615
   38     2.31     1.91     9.00     2.27     0.00     0.98     0.51     0.00   0.1654
   39     0.60     1.91     9.00     0.59     0.00     0.89     0.71     0.00   0.1604
   40     0.00     1.91     9.00     0.00     0.00     0.81     0.81     0.00   0.1522
   41     0.00     1.91     9.00     0.00     0.00     0.76     0.94     0.00   0.1437
   42     0.00     1.91     9.00     0.00     0.00     0.71     1.31     0.00   0.1336
   43     0.00     1.91     9.00     0.00     0.00     0.67     0.97     0.00   0.1254
   44     1.83     1.91     9.00     1.78     0.00     0.64     1.53     0.00   0.1234
   45    17.49     1.91     9.00    17.06     0.00     1.57     0.45     0.00   0.1986
   46     0.27     1.91     9.00     0.26     0.00     3.74     1.17     0.00   0.1754
   47     4.08     1.91     9.00     3.94     0.00     2.37     0.80     0.00   0.1792
   48    19.02     1.91     9.00    18.47     1.02     1.94     0.72     0.86   0.2532
   49     0.00     1.91     9.00     0.00     0.51     1.72     1.58     0.51   0.2341
   50     0.00     1.91     9.00     0.00     0.00     1.32     1.44     0.00   0.2204
   51     0.00     1.91     9.00     0.00     0.00     1.11     2.30     0.00   0.2033
   52     0.00     1.91     9.00     0.00     0.00     0.98     2.88     0.00   0.1840
   53     0.00     1.91     9.00     0.00     0.00     0.89     2.67     0.00   0.1662
   54     0.00     1.91     9.00     0.00     0.00     0.81     3.23     0.00   0.1460
   55     0.00     1.91     9.00     0.00     0.00     0.76     3.70     0.00   0.1237
   56     0.00     1.91     9.00     0.00     0.00     0.71     3.07     0.00   0.1048
   57     0.00     1.91     9.00     0.00     0.00     0.00     0.00     0.00   0.1048
   58     0.00     1.91     9.00     0.00     0.00     0.00     0.00     0.00   0.1048
   59     1.97     1.91     9.00     1.81     0.00     0.61     1.20     0.00   0.1048
   60     0.34     1.91     9.00     0.31     0.00     0.16     0.15     0.00   0.1048
   61     0.00     1.91     9.00     0.00     0.00     0.00     0.00     0.00   0.1048
   62     0.00     1.91     9.00     0.00     0.00     0.00     0.00     0.00   0.1048
   63     0.88     1.91     9.00     0.79     0.00     0.40     0.39     0.00   0.1048
   64    13.27     1.91     9.00    12.19     0.00     2.02     4.47     0.00   0.1333
   65     1.55     1.91     9.00     1.37     0.00     1.20     2.96     0.00   0.1193
   66     0.00     1.91     9.00     0.00     0.00     1.47     1.44     0.00   0.1048
   67     6.19     1.91     9.00     5.50     0.00     1.20     3.63     0.00   0.1081
   68     0.00     1.91     9.00     0.00     0.00     0.34     0.33     0.00   0.1048
   69     0.00     1.91     9.00     0.00     0.00     0.00     0.00     0.00   0.1048
   70    17.10     1.91     9.00    15.47     0.00     0.57     1.58     0.00   0.1714
   71     0.30     1.91     9.00     0.25     0.00     1.56     4.71     0.00   0.1413
   72     0.00     1.91     9.00     0.00     0.00     1.66     5.44     0.00   0.1058
   73     0.00     1.91     9.00     0.00     0.00     0.10     0.10     0.00   0.1048
   74     0.00     1.91     9.00     0.00     0.00     0.00     0.00     0.00   0.1048
   75     0.00     1.91     9.00     0.00     0.00     0.00     0.00     0.00   0.1048
   76     0.00     1.91     9.00     0.00     0.00     0.00     0.00     0.00   0.1048
   77     0.30     1.91     9.00     0.24     0.00     0.12     0.12     0.00   0.1048
   78     0.00     1.91     9.00     0.00     0.00     0.00     0.00     0.00   0.1048
   79     0.00     1.91     9.00     0.00     0.00     0.00     0.00     0.00   0.1048
   80     0.00     1.91     9.00     0.00     0.00     0.00     0.00     0.00   0.1048
   81     0.00     1.91     9.00     0.00     0.00     0.00     0.00     0.00   0.1048
   82     0.00     1.91     9.00     0.00     0.00     0.00     0.00     0.00   0.1048
   83     0.00     1.91     9.00     0.00     0.00     0.00     0.00     0.00   0.1048
   84     0.00     1.91     9.00     0.00     0.00     0.00     0.00     0.00   0.1048
   85     0.00     1.91     9.00     0.00     0.00     0.00     0.00     0.00   0.1048
   86     0.00     1.91     9.00     0.00     0.00     0.00     0.00     0.00   0.1048
   87     0.00     1.91     9.00     0.00     0.00     0.00     0.00     0.00   0.1048
   88     0.00     1.91     9.00     0.00     0.00     0.00     0.00     0.00   0.1048
   89     0.00     1.91     9.00     0.00     0.00     0.00     0.00     0.00   0.1048
   90     3.09     1.91     9.00     2.24     0.00     0.21     2.03     0.00   0.1048
   91     3.29     1.91     9.00     2.37     0.00     0.11     1.64     0.00   0.1079
   92     2.29     1.91     9.00     1.62     0.00     0.29     1.96     0.00   0.1048
   93     0.00     1.91     9.00     0.00     0.00     0.00     0.00     0.00   0.1048
   94     0.00     1.91     9.00     0.00     0.00     0.00     0.00     0.00   0.1048
   95     0.00     1.91     9.00     0.00     0.00     0.00     0.00     0.00   0.1048
   96     0.00     1.91     9.00     0.00     0.00     0.00     0.00     0.00   0.1048
   97     0.00     1.91     9.00     0.00     0.00     0.00     0.00     0.00   0.1048
   98     0.00     1.91     9.00     0.00     0.00     0.00     0.00     0.00   0.1048
   99     0.00     1.91     9.00     0.00     0.00     0.00     0.00     0.00   0.1048
  100     0.00     1.91     9.00     0.00     0.00     0.00     0.00     0.00   0.1048
  101     0.00     1.91     9.00     0.00     0.00     0.00     0.00     0.00   0.1048
  102     0.30     1.91     9.00     0.19     0.00     0.10     0.09     0.00   0.1048
  103     0.00     1.91     9.00     0.00     0.00     0.00     0.00     0.00   0.1048
  104     0.00     1.91     9.00     0.00     0.00     0.00     0.00     0.00   0.1048
  105     2.79     1.91     9.00     1.85     0.00     0.18     1.67     0.00   0.1048
  106     4.89     1.91     9.00     3.36     0.00     0.21     3.15     0.00   0.1048
  107     0.00     1.91     9.00     0.00     0.00     0.00     0.00     0.00   0.1048
  108     0.00     1.91     9.00     0.00     0.00     0.00     0.00     0.00   0.1048
  109     0.00     1.91     9.00     0.00     0.00     0.00     0.00     0.00   0.1048
  110     0.00     1.91     9.00     0.00     0.00     0.00     0.00     0.00   0.1048
  111     0.00     1.91     9.00     0.00     0.00     0.00     0.00     0.00   0.1048
  112     0.00     1.91     9.00     0.00     0.00     0.00     0.00     0.00   0.1048
  113     0.00     1.91     9.00     0.00     0.00     0.00     0.00     0.00   0.1048
  114     0.00     1.91     9.00     0.00     0.00     0.00     0.00     0.00   0.1048
  115     0.00     1.91     9.00     0.00     0.00     0.00     0.00     0.00   0.1048
  116     0.00     1.91     9.00     0.00     0.00     0.00     0.00     0.00   0.1048
  117     0.00     1.91     9.00     0.00     0.00     0.00     0.00     0.00   0.1048
  118     2.04     1.91     9.00     1.30     0.00     0.12     1.17     0.00   0.1048
  119     0.32     1.91     9.00     0.19     0.00     0.10     0.10     0.00   0.1048
  120     0.32     1.91     9.00     0.19     0.00     0.09     0.11     0.00   0.1048
  121     0.00     1.91     9.00     0.00     0.00     0.00     0.00     0.00   0.1048
  122     0.00     1.91     9.00     0.00     0.00     0.00     0.00     0.00   0.1048
  123     0.00     1.91     9.00     0.00     0.00     0.00     0.00     0.00   0.1048
  124     0.00     1.91     9.00     0.00     0.00     0.00     0.00     0.00   0.1048
